Terminals unused in grammar

   tCOMMENT


Grammar

    0 $accept: program $end

    1 program: stmts

    2 stmts: %empty
    3      | stmt stmts

    4 stmt: tREAD tLPAREN tIDENT tRPAREN tSEMICOLON
    5     | tPRINT tLPAREN expr tRPAREN tSEMICOLON
    6     | decl
    7     | tIDENT tASSIGN expr tSEMICOLON
    8     | ifstmt
    9     | whileloop

   10 decl: tVAR tIDENT tCOLON tBOOLTYPE tSEMICOLON
   11     | tVAR tIDENT tCOLON tINTTYPE tSEMICOLON
   12     | tVAR tIDENT tCOLON tFLOATTYPE tSEMICOLON
   13     | tVAR tIDENT tCOLON tSTRINGTYPE tSEMICOLON
   14     | tVAR tIDENT tCOLON tBOOLTYPE tASSIGN expr tSEMICOLON
   15     | tVAR tIDENT tCOLON tINTTYPE tASSIGN expr tSEMICOLON
   16     | tVAR tIDENT tCOLON tFLOATTYPE tASSIGN expr tSEMICOLON
   17     | tVAR tIDENT tCOLON tSTRINGTYPE tASSIGN expr tSEMICOLON

   18 ifstmt: tIF tLPAREN expr tRPAREN tLBRACE stmts tRBRACE elsestmt
   19       | tIF tLPAREN expr tRPAREN tLBRACE stmts tRBRACE

   20 elsestmt: tELSE tLBRACE stmts tRBRACE
   21         | tELSE ifstmt

   22 whileloop: tWHILE tLPAREN expr tRPAREN tLBRACE stmts tRBRACE

   23 expr: tIDENT
   24     | tBOOLTYPE
   25     | tINTTYPE
   26     | tFLOATTYPE
   27     | tSTRINGTYPE
   28     | tNEG expr
   29     | tNOT expr
   30     | tLPAREN expr tRPAREN
   31     | expr tMUL expr
   32     | expr tDIV expr
   33     | expr tADD expr
   34     | expr tSUB expr
   35     | expr tGREATEREQ expr
   36     | expr tLESSEQ expr
   37     | expr tGREATER expr
   38     | expr tLESS expr
   39     | expr tEQUALS expr
   40     | expr tNEQUALS expr
   41     | expr tAND expr
   42     | expr tOR expr


Terminals, with rules where they appear

$end (0) 0
error (256)
tBOOLTYPE (258) 10 14 24
tINTTYPE (259) 11 15 25
tFLOATTYPE (260) 12 16 26
tSTRINGTYPE (261) 13 17 27
tIDENT (262) 4 7 10 11 12 13 14 15 16 17 23
tLPAREN (263) 4 5 18 19 22 30
tRPAREN (264) 4 5 18 19 22 30
tLBRACE (265) 18 19 20 22
tRBRACE (266) 18 19 20 22
tSEMICOLON (267) 4 5 7 10 11 12 13 14 15 16 17
tVAR (268) 10 11 12 13 14 15 16 17
tIF (269) 18 19
tELSE (270) 20 21
tWHILE (271) 22
tREAD (272) 4
tPRINT (273) 5
tCOLON (274) 10 11 12 13 14 15 16 17
tASSIGN (275) 7 14 15 16 17
tCOMMENT (276)
tADD (277) 33
tSUB (278) 34
tMUL (279) 31
tDIV (280) 32
tEQUALS (281) 39
tNEQUALS (282) 40
tGREATEREQ (283) 35
tLESSEQ (284) 36
tGREATER (285) 37
tLESS (286) 38
tAND (287) 41
tOR (288) 42
tNOT (289) 29
tNEG (290) 28


Nonterminals, with rules where they appear

$accept (36)
    on left: 0
program (37)
    on left: 1, on right: 0
stmts (38)
    on left: 2 3, on right: 1 3 18 19 20 22
stmt (39)
    on left: 4 5 6 7 8 9, on right: 3
decl (40)
    on left: 10 11 12 13 14 15 16 17, on right: 6
ifstmt (41)
    on left: 18 19, on right: 8 21
elsestmt (42)
    on left: 20 21, on right: 18
whileloop (43)
    on left: 22, on right: 9
expr (44)
    on left: 23 24 25 26 27 28 29 30 31 32 33 34 35 36 37 38 39 40
    41 42, on right: 5 7 14 15 16 17 18 19 22 28 29 30 31 32 33 34
    35 36 37 38 39 40 41 42


State 0

    0 $accept: . program $end
    1 program: . stmts
    2 stmts: . %empty  [$end]
    3      | . stmt stmts
    4 stmt: . tREAD tLPAREN tIDENT tRPAREN tSEMICOLON
    5     | . tPRINT tLPAREN expr tRPAREN tSEMICOLON
    6     | . decl
    7     | . tIDENT tASSIGN expr tSEMICOLON
    8     | . ifstmt
    9     | . whileloop
   10 decl: . tVAR tIDENT tCOLON tBOOLTYPE tSEMICOLON
   11     | . tVAR tIDENT tCOLON tINTTYPE tSEMICOLON
   12     | . tVAR tIDENT tCOLON tFLOATTYPE tSEMICOLON
   13     | . tVAR tIDENT tCOLON tSTRINGTYPE tSEMICOLON
   14     | . tVAR tIDENT tCOLON tBOOLTYPE tASSIGN expr tSEMICOLON
   15     | . tVAR tIDENT tCOLON tINTTYPE tASSIGN expr tSEMICOLON
   16     | . tVAR tIDENT tCOLON tFLOATTYPE tASSIGN expr tSEMICOLON
   17     | . tVAR tIDENT tCOLON tSTRINGTYPE tASSIGN expr tSEMICOLON
   18 ifstmt: . tIF tLPAREN expr tRPAREN tLBRACE stmts tRBRACE elsestmt
   19       | . tIF tLPAREN expr tRPAREN tLBRACE stmts tRBRACE
   22 whileloop: . tWHILE tLPAREN expr tRPAREN tLBRACE stmts tRBRACE

    tIDENT  shift, and go to state 1
    tVAR    shift, and go to state 2
    tIF     shift, and go to state 3
    tWHILE  shift, and go to state 4
    tREAD   shift, and go to state 5
    tPRINT  shift, and go to state 6

    $default  reduce using rule 2 (stmts)

    program    go to state 7
    stmts      go to state 8
    stmt       go to state 9
    decl       go to state 10
    ifstmt     go to state 11
    whileloop  go to state 12


State 1

    7 stmt: tIDENT . tASSIGN expr tSEMICOLON

    tASSIGN  shift, and go to state 13


State 2

   10 decl: tVAR . tIDENT tCOLON tBOOLTYPE tSEMICOLON
   11     | tVAR . tIDENT tCOLON tINTTYPE tSEMICOLON
   12     | tVAR . tIDENT tCOLON tFLOATTYPE tSEMICOLON
   13     | tVAR . tIDENT tCOLON tSTRINGTYPE tSEMICOLON
   14     | tVAR . tIDENT tCOLON tBOOLTYPE tASSIGN expr tSEMICOLON
   15     | tVAR . tIDENT tCOLON tINTTYPE tASSIGN expr tSEMICOLON
   16     | tVAR . tIDENT tCOLON tFLOATTYPE tASSIGN expr tSEMICOLON
   17     | tVAR . tIDENT tCOLON tSTRINGTYPE tASSIGN expr tSEMICOLON

    tIDENT  shift, and go to state 14


State 3

   18 ifstmt: tIF . tLPAREN expr tRPAREN tLBRACE stmts tRBRACE elsestmt
   19       | tIF . tLPAREN expr tRPAREN tLBRACE stmts tRBRACE

    tLPAREN  shift, and go to state 15


State 4

   22 whileloop: tWHILE . tLPAREN expr tRPAREN tLBRACE stmts tRBRACE

    tLPAREN  shift, and go to state 16


State 5

    4 stmt: tREAD . tLPAREN tIDENT tRPAREN tSEMICOLON

    tLPAREN  shift, and go to state 17


State 6

    5 stmt: tPRINT . tLPAREN expr tRPAREN tSEMICOLON

    tLPAREN  shift, and go to state 18


State 7

    0 $accept: program . $end

    $end  shift, and go to state 19


State 8

    1 program: stmts .

    $default  reduce using rule 1 (program)


State 9

    2 stmts: . %empty  [$end, tRBRACE]
    3      | . stmt stmts
    3      | stmt . stmts
    4 stmt: . tREAD tLPAREN tIDENT tRPAREN tSEMICOLON
    5     | . tPRINT tLPAREN expr tRPAREN tSEMICOLON
    6     | . decl
    7     | . tIDENT tASSIGN expr tSEMICOLON
    8     | . ifstmt
    9     | . whileloop
   10 decl: . tVAR tIDENT tCOLON tBOOLTYPE tSEMICOLON
   11     | . tVAR tIDENT tCOLON tINTTYPE tSEMICOLON
   12     | . tVAR tIDENT tCOLON tFLOATTYPE tSEMICOLON
   13     | . tVAR tIDENT tCOLON tSTRINGTYPE tSEMICOLON
   14     | . tVAR tIDENT tCOLON tBOOLTYPE tASSIGN expr tSEMICOLON
   15     | . tVAR tIDENT tCOLON tINTTYPE tASSIGN expr tSEMICOLON
   16     | . tVAR tIDENT tCOLON tFLOATTYPE tASSIGN expr tSEMICOLON
   17     | . tVAR tIDENT tCOLON tSTRINGTYPE tASSIGN expr tSEMICOLON
   18 ifstmt: . tIF tLPAREN expr tRPAREN tLBRACE stmts tRBRACE elsestmt
   19       | . tIF tLPAREN expr tRPAREN tLBRACE stmts tRBRACE
   22 whileloop: . tWHILE tLPAREN expr tRPAREN tLBRACE stmts tRBRACE

    tIDENT  shift, and go to state 1
    tVAR    shift, and go to state 2
    tIF     shift, and go to state 3
    tWHILE  shift, and go to state 4
    tREAD   shift, and go to state 5
    tPRINT  shift, and go to state 6

    $default  reduce using rule 2 (stmts)

    stmts      go to state 20
    stmt       go to state 9
    decl       go to state 10
    ifstmt     go to state 11
    whileloop  go to state 12


State 10

    6 stmt: decl .

    $default  reduce using rule 6 (stmt)


State 11

    8 stmt: ifstmt .

    $default  reduce using rule 8 (stmt)


State 12

    9 stmt: whileloop .

    $default  reduce using rule 9 (stmt)


State 13

    7 stmt: tIDENT tASSIGN . expr tSEMICOLON
   23 expr: . tIDENT
   24     | . tBOOLTYPE
   25     | . tINTTYPE
   26     | . tFLOATTYPE
   27     | . tSTRINGTYPE
   28     | . tNEG expr
   29     | . tNOT expr
   30     | . tLPAREN expr tRPAREN
   31     | . expr tMUL expr
   32     | . expr tDIV expr
   33     | . expr tADD expr
   34     | . expr tSUB expr
   35     | . expr tGREATEREQ expr
   36     | . expr tLESSEQ expr
   37     | . expr tGREATER expr
   38     | . expr tLESS expr
   39     | . expr tEQUALS expr
   40     | . expr tNEQUALS expr
   41     | . expr tAND expr
   42     | . expr tOR expr

    tBOOLTYPE    shift, and go to state 21
    tINTTYPE     shift, and go to state 22
    tFLOATTYPE   shift, and go to state 23
    tSTRINGTYPE  shift, and go to state 24
    tIDENT       shift, and go to state 25
    tLPAREN      shift, and go to state 26
    tNOT         shift, and go to state 27
    tNEG         shift, and go to state 28

    expr  go to state 29


State 14

   10 decl: tVAR tIDENT . tCOLON tBOOLTYPE tSEMICOLON
   11     | tVAR tIDENT . tCOLON tINTTYPE tSEMICOLON
   12     | tVAR tIDENT . tCOLON tFLOATTYPE tSEMICOLON
   13     | tVAR tIDENT . tCOLON tSTRINGTYPE tSEMICOLON
   14     | tVAR tIDENT . tCOLON tBOOLTYPE tASSIGN expr tSEMICOLON
   15     | tVAR tIDENT . tCOLON tINTTYPE tASSIGN expr tSEMICOLON
   16     | tVAR tIDENT . tCOLON tFLOATTYPE tASSIGN expr tSEMICOLON
   17     | tVAR tIDENT . tCOLON tSTRINGTYPE tASSIGN expr tSEMICOLON

    tCOLON  shift, and go to state 30


State 15

   18 ifstmt: tIF tLPAREN . expr tRPAREN tLBRACE stmts tRBRACE elsestmt
   19       | tIF tLPAREN . expr tRPAREN tLBRACE stmts tRBRACE
   23 expr: . tIDENT
   24     | . tBOOLTYPE
   25     | . tINTTYPE
   26     | . tFLOATTYPE
   27     | . tSTRINGTYPE
   28     | . tNEG expr
   29     | . tNOT expr
   30     | . tLPAREN expr tRPAREN
   31     | . expr tMUL expr
   32     | . expr tDIV expr
   33     | . expr tADD expr
   34     | . expr tSUB expr
   35     | . expr tGREATEREQ expr
   36     | . expr tLESSEQ expr
   37     | . expr tGREATER expr
   38     | . expr tLESS expr
   39     | . expr tEQUALS expr
   40     | . expr tNEQUALS expr
   41     | . expr tAND expr
   42     | . expr tOR expr

    tBOOLTYPE    shift, and go to state 21
    tINTTYPE     shift, and go to state 22
    tFLOATTYPE   shift, and go to state 23
    tSTRINGTYPE  shift, and go to state 24
    tIDENT       shift, and go to state 25
    tLPAREN      shift, and go to state 26
    tNOT         shift, and go to state 27
    tNEG         shift, and go to state 28

    expr  go to state 31


State 16

   22 whileloop: tWHILE tLPAREN . expr tRPAREN tLBRACE stmts tRBRACE
   23 expr: . tIDENT
   24     | . tBOOLTYPE
   25     | . tINTTYPE
   26     | . tFLOATTYPE
   27     | . tSTRINGTYPE
   28     | . tNEG expr
   29     | . tNOT expr
   30     | . tLPAREN expr tRPAREN
   31     | . expr tMUL expr
   32     | . expr tDIV expr
   33     | . expr tADD expr
   34     | . expr tSUB expr
   35     | . expr tGREATEREQ expr
   36     | . expr tLESSEQ expr
   37     | . expr tGREATER expr
   38     | . expr tLESS expr
   39     | . expr tEQUALS expr
   40     | . expr tNEQUALS expr
   41     | . expr tAND expr
   42     | . expr tOR expr

    tBOOLTYPE    shift, and go to state 21
    tINTTYPE     shift, and go to state 22
    tFLOATTYPE   shift, and go to state 23
    tSTRINGTYPE  shift, and go to state 24
    tIDENT       shift, and go to state 25
    tLPAREN      shift, and go to state 26
    tNOT         shift, and go to state 27
    tNEG         shift, and go to state 28

    expr  go to state 32


State 17

    4 stmt: tREAD tLPAREN . tIDENT tRPAREN tSEMICOLON

    tIDENT  shift, and go to state 33


State 18

    5 stmt: tPRINT tLPAREN . expr tRPAREN tSEMICOLON
   23 expr: . tIDENT
   24     | . tBOOLTYPE
   25     | . tINTTYPE
   26     | . tFLOATTYPE
   27     | . tSTRINGTYPE
   28     | . tNEG expr
   29     | . tNOT expr
   30     | . tLPAREN expr tRPAREN
   31     | . expr tMUL expr
   32     | . expr tDIV expr
   33     | . expr tADD expr
   34     | . expr tSUB expr
   35     | . expr tGREATEREQ expr
   36     | . expr tLESSEQ expr
   37     | . expr tGREATER expr
   38     | . expr tLESS expr
   39     | . expr tEQUALS expr
   40     | . expr tNEQUALS expr
   41     | . expr tAND expr
   42     | . expr tOR expr

    tBOOLTYPE    shift, and go to state 21
    tINTTYPE     shift, and go to state 22
    tFLOATTYPE   shift, and go to state 23
    tSTRINGTYPE  shift, and go to state 24
    tIDENT       shift, and go to state 25
    tLPAREN      shift, and go to state 26
    tNOT         shift, and go to state 27
    tNEG         shift, and go to state 28

    expr  go to state 34


State 19

    0 $accept: program $end .

    $default  accept


State 20

    3 stmts: stmt stmts .

    $default  reduce using rule 3 (stmts)


State 21

   24 expr: tBOOLTYPE .

    $default  reduce using rule 24 (expr)


State 22

   25 expr: tINTTYPE .

    $default  reduce using rule 25 (expr)


State 23

   26 expr: tFLOATTYPE .

    $default  reduce using rule 26 (expr)


State 24

   27 expr: tSTRINGTYPE .

    $default  reduce using rule 27 (expr)


State 25

   23 expr: tIDENT .

    $default  reduce using rule 23 (expr)


State 26

   23 expr: . tIDENT
   24     | . tBOOLTYPE
   25     | . tINTTYPE
   26     | . tFLOATTYPE
   27     | . tSTRINGTYPE
   28     | . tNEG expr
   29     | . tNOT expr
   30     | . tLPAREN expr tRPAREN
   30     | tLPAREN . expr tRPAREN
   31     | . expr tMUL expr
   32     | . expr tDIV expr
   33     | . expr tADD expr
   34     | . expr tSUB expr
   35     | . expr tGREATEREQ expr
   36     | . expr tLESSEQ expr
   37     | . expr tGREATER expr
   38     | . expr tLESS expr
   39     | . expr tEQUALS expr
   40     | . expr tNEQUALS expr
   41     | . expr tAND expr
   42     | . expr tOR expr

    tBOOLTYPE    shift, and go to state 21
    tINTTYPE     shift, and go to state 22
    tFLOATTYPE   shift, and go to state 23
    tSTRINGTYPE  shift, and go to state 24
    tIDENT       shift, and go to state 25
    tLPAREN      shift, and go to state 26
    tNOT         shift, and go to state 27
    tNEG         shift, and go to state 28

    expr  go to state 35


State 27

   23 expr: . tIDENT
   24     | . tBOOLTYPE
   25     | . tINTTYPE
   26     | . tFLOATTYPE
   27     | . tSTRINGTYPE
   28     | . tNEG expr
   29     | . tNOT expr
   29     | tNOT . expr
   30     | . tLPAREN expr tRPAREN
   31     | . expr tMUL expr
   32     | . expr tDIV expr
   33     | . expr tADD expr
   34     | . expr tSUB expr
   35     | . expr tGREATEREQ expr
   36     | . expr tLESSEQ expr
   37     | . expr tGREATER expr
   38     | . expr tLESS expr
   39     | . expr tEQUALS expr
   40     | . expr tNEQUALS expr
   41     | . expr tAND expr
   42     | . expr tOR expr

    tBOOLTYPE    shift, and go to state 21
    tINTTYPE     shift, and go to state 22
    tFLOATTYPE   shift, and go to state 23
    tSTRINGTYPE  shift, and go to state 24
    tIDENT       shift, and go to state 25
    tLPAREN      shift, and go to state 26
    tNOT         shift, and go to state 27
    tNEG         shift, and go to state 28

    expr  go to state 36


State 28

   23 expr: . tIDENT
   24     | . tBOOLTYPE
   25     | . tINTTYPE
   26     | . tFLOATTYPE
   27     | . tSTRINGTYPE
   28     | . tNEG expr
   28     | tNEG . expr
   29     | . tNOT expr
   30     | . tLPAREN expr tRPAREN
   31     | . expr tMUL expr
   32     | . expr tDIV expr
   33     | . expr tADD expr
   34     | . expr tSUB expr
   35     | . expr tGREATEREQ expr
   36     | . expr tLESSEQ expr
   37     | . expr tGREATER expr
   38     | . expr tLESS expr
   39     | . expr tEQUALS expr
   40     | . expr tNEQUALS expr
   41     | . expr tAND expr
   42     | . expr tOR expr

    tBOOLTYPE    shift, and go to state 21
    tINTTYPE     shift, and go to state 22
    tFLOATTYPE   shift, and go to state 23
    tSTRINGTYPE  shift, and go to state 24
    tIDENT       shift, and go to state 25
    tLPAREN      shift, and go to state 26
    tNOT         shift, and go to state 27
    tNEG         shift, and go to state 28

    expr  go to state 37


State 29

    7 stmt: tIDENT tASSIGN expr . tSEMICOLON
   31 expr: expr . tMUL expr
   32     | expr . tDIV expr
   33     | expr . tADD expr
   34     | expr . tSUB expr
   35     | expr . tGREATEREQ expr
   36     | expr . tLESSEQ expr
   37     | expr . tGREATER expr
   38     | expr . tLESS expr
   39     | expr . tEQUALS expr
   40     | expr . tNEQUALS expr
   41     | expr . tAND expr
   42     | expr . tOR expr

    tSEMICOLON  shift, and go to state 38
    tADD        shift, and go to state 39
    tSUB        shift, and go to state 40
    tMUL        shift, and go to state 41
    tDIV        shift, and go to state 42
    tEQUALS     shift, and go to state 43
    tNEQUALS    shift, and go to state 44
    tGREATEREQ  shift, and go to state 45
    tLESSEQ     shift, and go to state 46
    tGREATER    shift, and go to state 47
    tLESS       shift, and go to state 48
    tAND        shift, and go to state 49
    tOR         shift, and go to state 50


State 30

   10 decl: tVAR tIDENT tCOLON . tBOOLTYPE tSEMICOLON
   11     | tVAR tIDENT tCOLON . tINTTYPE tSEMICOLON
   12     | tVAR tIDENT tCOLON . tFLOATTYPE tSEMICOLON
   13     | tVAR tIDENT tCOLON . tSTRINGTYPE tSEMICOLON
   14     | tVAR tIDENT tCOLON . tBOOLTYPE tASSIGN expr tSEMICOLON
   15     | tVAR tIDENT tCOLON . tINTTYPE tASSIGN expr tSEMICOLON
   16     | tVAR tIDENT tCOLON . tFLOATTYPE tASSIGN expr tSEMICOLON
   17     | tVAR tIDENT tCOLON . tSTRINGTYPE tASSIGN expr tSEMICOLON

    tBOOLTYPE    shift, and go to state 51
    tINTTYPE     shift, and go to state 52
    tFLOATTYPE   shift, and go to state 53
    tSTRINGTYPE  shift, and go to state 54


State 31

   18 ifstmt: tIF tLPAREN expr . tRPAREN tLBRACE stmts tRBRACE elsestmt
   19       | tIF tLPAREN expr . tRPAREN tLBRACE stmts tRBRACE
   31 expr: expr . tMUL expr
   32     | expr . tDIV expr
   33     | expr . tADD expr
   34     | expr . tSUB expr
   35     | expr . tGREATEREQ expr
   36     | expr . tLESSEQ expr
   37     | expr . tGREATER expr
   38     | expr . tLESS expr
   39     | expr . tEQUALS expr
   40     | expr . tNEQUALS expr
   41     | expr . tAND expr
   42     | expr . tOR expr

    tRPAREN     shift, and go to state 55
    tADD        shift, and go to state 39
    tSUB        shift, and go to state 40
    tMUL        shift, and go to state 41
    tDIV        shift, and go to state 42
    tEQUALS     shift, and go to state 43
    tNEQUALS    shift, and go to state 44
    tGREATEREQ  shift, and go to state 45
    tLESSEQ     shift, and go to state 46
    tGREATER    shift, and go to state 47
    tLESS       shift, and go to state 48
    tAND        shift, and go to state 49
    tOR         shift, and go to state 50


State 32

   22 whileloop: tWHILE tLPAREN expr . tRPAREN tLBRACE stmts tRBRACE
   31 expr: expr . tMUL expr
   32     | expr . tDIV expr
   33     | expr . tADD expr
   34     | expr . tSUB expr
   35     | expr . tGREATEREQ expr
   36     | expr . tLESSEQ expr
   37     | expr . tGREATER expr
   38     | expr . tLESS expr
   39     | expr . tEQUALS expr
   40     | expr . tNEQUALS expr
   41     | expr . tAND expr
   42     | expr . tOR expr

    tRPAREN     shift, and go to state 56
    tADD        shift, and go to state 39
    tSUB        shift, and go to state 40
    tMUL        shift, and go to state 41
    tDIV        shift, and go to state 42
    tEQUALS     shift, and go to state 43
    tNEQUALS    shift, and go to state 44
    tGREATEREQ  shift, and go to state 45
    tLESSEQ     shift, and go to state 46
    tGREATER    shift, and go to state 47
    tLESS       shift, and go to state 48
    tAND        shift, and go to state 49
    tOR         shift, and go to state 50


State 33

    4 stmt: tREAD tLPAREN tIDENT . tRPAREN tSEMICOLON

    tRPAREN  shift, and go to state 57


State 34

    5 stmt: tPRINT tLPAREN expr . tRPAREN tSEMICOLON
   31 expr: expr . tMUL expr
   32     | expr . tDIV expr
   33     | expr . tADD expr
   34     | expr . tSUB expr
   35     | expr . tGREATEREQ expr
   36     | expr . tLESSEQ expr
   37     | expr . tGREATER expr
   38     | expr . tLESS expr
   39     | expr . tEQUALS expr
   40     | expr . tNEQUALS expr
   41     | expr . tAND expr
   42     | expr . tOR expr

    tRPAREN     shift, and go to state 58
    tADD        shift, and go to state 39
    tSUB        shift, and go to state 40
    tMUL        shift, and go to state 41
    tDIV        shift, and go to state 42
    tEQUALS     shift, and go to state 43
    tNEQUALS    shift, and go to state 44
    tGREATEREQ  shift, and go to state 45
    tLESSEQ     shift, and go to state 46
    tGREATER    shift, and go to state 47
    tLESS       shift, and go to state 48
    tAND        shift, and go to state 49
    tOR         shift, and go to state 50


State 35

   30 expr: tLPAREN expr . tRPAREN
   31     | expr . tMUL expr
   32     | expr . tDIV expr
   33     | expr . tADD expr
   34     | expr . tSUB expr
   35     | expr . tGREATEREQ expr
   36     | expr . tLESSEQ expr
   37     | expr . tGREATER expr
   38     | expr . tLESS expr
   39     | expr . tEQUALS expr
   40     | expr . tNEQUALS expr
   41     | expr . tAND expr
   42     | expr . tOR expr

    tRPAREN     shift, and go to state 59
    tADD        shift, and go to state 39
    tSUB        shift, and go to state 40
    tMUL        shift, and go to state 41
    tDIV        shift, and go to state 42
    tEQUALS     shift, and go to state 43
    tNEQUALS    shift, and go to state 44
    tGREATEREQ  shift, and go to state 45
    tLESSEQ     shift, and go to state 46
    tGREATER    shift, and go to state 47
    tLESS       shift, and go to state 48
    tAND        shift, and go to state 49
    tOR         shift, and go to state 50


State 36

   29 expr: tNOT expr .  [tRPAREN, tSEMICOLON, tADD, tSUB, tMUL, tDIV, tEQUALS, tNEQUALS, tGREATEREQ, tLESSEQ, tGREATER, tLESS, tAND, tOR]
   31     | expr . tMUL expr
   32     | expr . tDIV expr
   33     | expr . tADD expr
   34     | expr . tSUB expr
   35     | expr . tGREATEREQ expr
   36     | expr . tLESSEQ expr
   37     | expr . tGREATER expr
   38     | expr . tLESS expr
   39     | expr . tEQUALS expr
   40     | expr . tNEQUALS expr
   41     | expr . tAND expr
   42     | expr . tOR expr

    $default  reduce using rule 29 (expr)

    Conflict between rule 29 and token tADD resolved as reduce (tADD < tNOT).
    Conflict between rule 29 and token tSUB resolved as reduce (tSUB < tNOT).
    Conflict between rule 29 and token tMUL resolved as reduce (tMUL < tNOT).
    Conflict between rule 29 and token tDIV resolved as reduce (tDIV < tNOT).
    Conflict between rule 29 and token tEQUALS resolved as reduce (tEQUALS < tNOT).
    Conflict between rule 29 and token tNEQUALS resolved as reduce (tNEQUALS < tNOT).
    Conflict between rule 29 and token tGREATEREQ resolved as reduce (tGREATEREQ < tNOT).
    Conflict between rule 29 and token tLESSEQ resolved as reduce (tLESSEQ < tNOT).
    Conflict between rule 29 and token tGREATER resolved as reduce (tGREATER < tNOT).
    Conflict between rule 29 and token tLESS resolved as reduce (tLESS < tNOT).
    Conflict between rule 29 and token tAND resolved as reduce (tAND < tNOT).
    Conflict between rule 29 and token tOR resolved as reduce (tOR < tNOT).


State 37

   28 expr: tNEG expr .  [tRPAREN, tSEMICOLON, tADD, tSUB, tMUL, tDIV, tEQUALS, tNEQUALS, tGREATEREQ, tLESSEQ, tGREATER, tLESS, tAND, tOR]
   31     | expr . tMUL expr
   32     | expr . tDIV expr
   33     | expr . tADD expr
   34     | expr . tSUB expr
   35     | expr . tGREATEREQ expr
   36     | expr . tLESSEQ expr
   37     | expr . tGREATER expr
   38     | expr . tLESS expr
   39     | expr . tEQUALS expr
   40     | expr . tNEQUALS expr
   41     | expr . tAND expr
   42     | expr . tOR expr

    $default  reduce using rule 28 (expr)

    Conflict between rule 28 and token tADD resolved as reduce (tADD < tNEG).
    Conflict between rule 28 and token tSUB resolved as reduce (tSUB < tNEG).
    Conflict between rule 28 and token tMUL resolved as reduce (tMUL < tNEG).
    Conflict between rule 28 and token tDIV resolved as reduce (tDIV < tNEG).
    Conflict between rule 28 and token tEQUALS resolved as reduce (tEQUALS < tNEG).
    Conflict between rule 28 and token tNEQUALS resolved as reduce (tNEQUALS < tNEG).
    Conflict between rule 28 and token tGREATEREQ resolved as reduce (tGREATEREQ < tNEG).
    Conflict between rule 28 and token tLESSEQ resolved as reduce (tLESSEQ < tNEG).
    Conflict between rule 28 and token tGREATER resolved as reduce (tGREATER < tNEG).
    Conflict between rule 28 and token tLESS resolved as reduce (tLESS < tNEG).
    Conflict between rule 28 and token tAND resolved as reduce (tAND < tNEG).
    Conflict between rule 28 and token tOR resolved as reduce (tOR < tNEG).


State 38

    7 stmt: tIDENT tASSIGN expr tSEMICOLON .

    $default  reduce using rule 7 (stmt)


State 39

   23 expr: . tIDENT
   24     | . tBOOLTYPE
   25     | . tINTTYPE
   26     | . tFLOATTYPE
   27     | . tSTRINGTYPE
   28     | . tNEG expr
   29     | . tNOT expr
   30     | . tLPAREN expr tRPAREN
   31     | . expr tMUL expr
   32     | . expr tDIV expr
   33     | . expr tADD expr
   33     | expr tADD . expr
   34     | . expr tSUB expr
   35     | . expr tGREATEREQ expr
   36     | . expr tLESSEQ expr
   37     | . expr tGREATER expr
   38     | . expr tLESS expr
   39     | . expr tEQUALS expr
   40     | . expr tNEQUALS expr
   41     | . expr tAND expr
   42     | . expr tOR expr

    tBOOLTYPE    shift, and go to state 21
    tINTTYPE     shift, and go to state 22
    tFLOATTYPE   shift, and go to state 23
    tSTRINGTYPE  shift, and go to state 24
    tIDENT       shift, and go to state 25
    tLPAREN      shift, and go to state 26
    tNOT         shift, and go to state 27
    tNEG         shift, and go to state 28

    expr  go to state 60


State 40

   23 expr: . tIDENT
   24     | . tBOOLTYPE
   25     | . tINTTYPE
   26     | . tFLOATTYPE
   27     | . tSTRINGTYPE
   28     | . tNEG expr
   29     | . tNOT expr
   30     | . tLPAREN expr tRPAREN
   31     | . expr tMUL expr
   32     | . expr tDIV expr
   33     | . expr tADD expr
   34     | . expr tSUB expr
   34     | expr tSUB . expr
   35     | . expr tGREATEREQ expr
   36     | . expr tLESSEQ expr
   37     | . expr tGREATER expr
   38     | . expr tLESS expr
   39     | . expr tEQUALS expr
   40     | . expr tNEQUALS expr
   41     | . expr tAND expr
   42     | . expr tOR expr

    tBOOLTYPE    shift, and go to state 21
    tINTTYPE     shift, and go to state 22
    tFLOATTYPE   shift, and go to state 23
    tSTRINGTYPE  shift, and go to state 24
    tIDENT       shift, and go to state 25
    tLPAREN      shift, and go to state 26
    tNOT         shift, and go to state 27
    tNEG         shift, and go to state 28

    expr  go to state 61


State 41

   23 expr: . tIDENT
   24     | . tBOOLTYPE
   25     | . tINTTYPE
   26     | . tFLOATTYPE
   27     | . tSTRINGTYPE
   28     | . tNEG expr
   29     | . tNOT expr
   30     | . tLPAREN expr tRPAREN
   31     | . expr tMUL expr
   31     | expr tMUL . expr
   32     | . expr tDIV expr
   33     | . expr tADD expr
   34     | . expr tSUB expr
   35     | . expr tGREATEREQ expr
   36     | . expr tLESSEQ expr
   37     | . expr tGREATER expr
   38     | . expr tLESS expr
   39     | . expr tEQUALS expr
   40     | . expr tNEQUALS expr
   41     | . expr tAND expr
   42     | . expr tOR expr

    tBOOLTYPE    shift, and go to state 21
    tINTTYPE     shift, and go to state 22
    tFLOATTYPE   shift, and go to state 23
    tSTRINGTYPE  shift, and go to state 24
    tIDENT       shift, and go to state 25
    tLPAREN      shift, and go to state 26
    tNOT         shift, and go to state 27
    tNEG         shift, and go to state 28

    expr  go to state 62


State 42

   23 expr: . tIDENT
   24     | . tBOOLTYPE
   25     | . tINTTYPE
   26     | . tFLOATTYPE
   27     | . tSTRINGTYPE
   28     | . tNEG expr
   29     | . tNOT expr
   30     | . tLPAREN expr tRPAREN
   31     | . expr tMUL expr
   32     | . expr tDIV expr
   32     | expr tDIV . expr
   33     | . expr tADD expr
   34     | . expr tSUB expr
   35     | . expr tGREATEREQ expr
   36     | . expr tLESSEQ expr
   37     | . expr tGREATER expr
   38     | . expr tLESS expr
   39     | . expr tEQUALS expr
   40     | . expr tNEQUALS expr
   41     | . expr tAND expr
   42     | . expr tOR expr

    tBOOLTYPE    shift, and go to state 21
    tINTTYPE     shift, and go to state 22
    tFLOATTYPE   shift, and go to state 23
    tSTRINGTYPE  shift, and go to state 24
    tIDENT       shift, and go to state 25
    tLPAREN      shift, and go to state 26
    tNOT         shift, and go to state 27
    tNEG         shift, and go to state 28

    expr  go to state 63


State 43

   23 expr: . tIDENT
   24     | . tBOOLTYPE
   25     | . tINTTYPE
   26     | . tFLOATTYPE
   27     | . tSTRINGTYPE
   28     | . tNEG expr
   29     | . tNOT expr
   30     | . tLPAREN expr tRPAREN
   31     | . expr tMUL expr
   32     | . expr tDIV expr
   33     | . expr tADD expr
   34     | . expr tSUB expr
   35     | . expr tGREATEREQ expr
   36     | . expr tLESSEQ expr
   37     | . expr tGREATER expr
   38     | . expr tLESS expr
   39     | . expr tEQUALS expr
   39     | expr tEQUALS . expr
   40     | . expr tNEQUALS expr
   41     | . expr tAND expr
   42     | . expr tOR expr

    tBOOLTYPE    shift, and go to state 21
    tINTTYPE     shift, and go to state 22
    tFLOATTYPE   shift, and go to state 23
    tSTRINGTYPE  shift, and go to state 24
    tIDENT       shift, and go to state 25
    tLPAREN      shift, and go to state 26
    tNOT         shift, and go to state 27
    tNEG         shift, and go to state 28

    expr  go to state 64


State 44

   23 expr: . tIDENT
   24     | . tBOOLTYPE
   25     | . tINTTYPE
   26     | . tFLOATTYPE
   27     | . tSTRINGTYPE
   28     | . tNEG expr
   29     | . tNOT expr
   30     | . tLPAREN expr tRPAREN
   31     | . expr tMUL expr
   32     | . expr tDIV expr
   33     | . expr tADD expr
   34     | . expr tSUB expr
   35     | . expr tGREATEREQ expr
   36     | . expr tLESSEQ expr
   37     | . expr tGREATER expr
   38     | . expr tLESS expr
   39     | . expr tEQUALS expr
   40     | . expr tNEQUALS expr
   40     | expr tNEQUALS . expr
   41     | . expr tAND expr
   42     | . expr tOR expr

    tBOOLTYPE    shift, and go to state 21
    tINTTYPE     shift, and go to state 22
    tFLOATTYPE   shift, and go to state 23
    tSTRINGTYPE  shift, and go to state 24
    tIDENT       shift, and go to state 25
    tLPAREN      shift, and go to state 26
    tNOT         shift, and go to state 27
    tNEG         shift, and go to state 28

    expr  go to state 65


State 45

   23 expr: . tIDENT
   24     | . tBOOLTYPE
   25     | . tINTTYPE
   26     | . tFLOATTYPE
   27     | . tSTRINGTYPE
   28     | . tNEG expr
   29     | . tNOT expr
   30     | . tLPAREN expr tRPAREN
   31     | . expr tMUL expr
   32     | . expr tDIV expr
   33     | . expr tADD expr
   34     | . expr tSUB expr
   35     | . expr tGREATEREQ expr
   35     | expr tGREATEREQ . expr
   36     | . expr tLESSEQ expr
   37     | . expr tGREATER expr
   38     | . expr tLESS expr
   39     | . expr tEQUALS expr
   40     | . expr tNEQUALS expr
   41     | . expr tAND expr
   42     | . expr tOR expr

    tBOOLTYPE    shift, and go to state 21
    tINTTYPE     shift, and go to state 22
    tFLOATTYPE   shift, and go to state 23
    tSTRINGTYPE  shift, and go to state 24
    tIDENT       shift, and go to state 25
    tLPAREN      shift, and go to state 26
    tNOT         shift, and go to state 27
    tNEG         shift, and go to state 28

    expr  go to state 66


State 46

   23 expr: . tIDENT
   24     | . tBOOLTYPE
   25     | . tINTTYPE
   26     | . tFLOATTYPE
   27     | . tSTRINGTYPE
   28     | . tNEG expr
   29     | . tNOT expr
   30     | . tLPAREN expr tRPAREN
   31     | . expr tMUL expr
   32     | . expr tDIV expr
   33     | . expr tADD expr
   34     | . expr tSUB expr
   35     | . expr tGREATEREQ expr
   36     | . expr tLESSEQ expr
   36     | expr tLESSEQ . expr
   37     | . expr tGREATER expr
   38     | . expr tLESS expr
   39     | . expr tEQUALS expr
   40     | . expr tNEQUALS expr
   41     | . expr tAND expr
   42     | . expr tOR expr

    tBOOLTYPE    shift, and go to state 21
    tINTTYPE     shift, and go to state 22
    tFLOATTYPE   shift, and go to state 23
    tSTRINGTYPE  shift, and go to state 24
    tIDENT       shift, and go to state 25
    tLPAREN      shift, and go to state 26
    tNOT         shift, and go to state 27
    tNEG         shift, and go to state 28

    expr  go to state 67


State 47

   23 expr: . tIDENT
   24     | . tBOOLTYPE
   25     | . tINTTYPE
   26     | . tFLOATTYPE
   27     | . tSTRINGTYPE
   28     | . tNEG expr
   29     | . tNOT expr
   30     | . tLPAREN expr tRPAREN
   31     | . expr tMUL expr
   32     | . expr tDIV expr
   33     | . expr tADD expr
   34     | . expr tSUB expr
   35     | . expr tGREATEREQ expr
   36     | . expr tLESSEQ expr
   37     | . expr tGREATER expr
   37     | expr tGREATER . expr
   38     | . expr tLESS expr
   39     | . expr tEQUALS expr
   40     | . expr tNEQUALS expr
   41     | . expr tAND expr
   42     | . expr tOR expr

    tBOOLTYPE    shift, and go to state 21
    tINTTYPE     shift, and go to state 22
    tFLOATTYPE   shift, and go to state 23
    tSTRINGTYPE  shift, and go to state 24
    tIDENT       shift, and go to state 25
    tLPAREN      shift, and go to state 26
    tNOT         shift, and go to state 27
    tNEG         shift, and go to state 28

    expr  go to state 68


State 48

   23 expr: . tIDENT
   24     | . tBOOLTYPE
   25     | . tINTTYPE
   26     | . tFLOATTYPE
   27     | . tSTRINGTYPE
   28     | . tNEG expr
   29     | . tNOT expr
   30     | . tLPAREN expr tRPAREN
   31     | . expr tMUL expr
   32     | . expr tDIV expr
   33     | . expr tADD expr
   34     | . expr tSUB expr
   35     | . expr tGREATEREQ expr
   36     | . expr tLESSEQ expr
   37     | . expr tGREATER expr
   38     | . expr tLESS expr
   38     | expr tLESS . expr
   39     | . expr tEQUALS expr
   40     | . expr tNEQUALS expr
   41     | . expr tAND expr
   42     | . expr tOR expr

    tBOOLTYPE    shift, and go to state 21
    tINTTYPE     shift, and go to state 22
    tFLOATTYPE   shift, and go to state 23
    tSTRINGTYPE  shift, and go to state 24
    tIDENT       shift, and go to state 25
    tLPAREN      shift, and go to state 26
    tNOT         shift, and go to state 27
    tNEG         shift, and go to state 28

    expr  go to state 69


State 49

   23 expr: . tIDENT
   24     | . tBOOLTYPE
   25     | . tINTTYPE
   26     | . tFLOATTYPE
   27     | . tSTRINGTYPE
   28     | . tNEG expr
   29     | . tNOT expr
   30     | . tLPAREN expr tRPAREN
   31     | . expr tMUL expr
   32     | . expr tDIV expr
   33     | . expr tADD expr
   34     | . expr tSUB expr
   35     | . expr tGREATEREQ expr
   36     | . expr tLESSEQ expr
   37     | . expr tGREATER expr
   38     | . expr tLESS expr
   39     | . expr tEQUALS expr
   40     | . expr tNEQUALS expr
   41     | . expr tAND expr
   41     | expr tAND . expr
   42     | . expr tOR expr

    tBOOLTYPE    shift, and go to state 21
    tINTTYPE     shift, and go to state 22
    tFLOATTYPE   shift, and go to state 23
    tSTRINGTYPE  shift, and go to state 24
    tIDENT       shift, and go to state 25
    tLPAREN      shift, and go to state 26
    tNOT         shift, and go to state 27
    tNEG         shift, and go to state 28

    expr  go to state 70


State 50

   23 expr: . tIDENT
   24     | . tBOOLTYPE
   25     | . tINTTYPE
   26     | . tFLOATTYPE
   27     | . tSTRINGTYPE
   28     | . tNEG expr
   29     | . tNOT expr
   30     | . tLPAREN expr tRPAREN
   31     | . expr tMUL expr
   32     | . expr tDIV expr
   33     | . expr tADD expr
   34     | . expr tSUB expr
   35     | . expr tGREATEREQ expr
   36     | . expr tLESSEQ expr
   37     | . expr tGREATER expr
   38     | . expr tLESS expr
   39     | . expr tEQUALS expr
   40     | . expr tNEQUALS expr
   41     | . expr tAND expr
   42     | . expr tOR expr
   42     | expr tOR . expr

    tBOOLTYPE    shift, and go to state 21
    tINTTYPE     shift, and go to state 22
    tFLOATTYPE   shift, and go to state 23
    tSTRINGTYPE  shift, and go to state 24
    tIDENT       shift, and go to state 25
    tLPAREN      shift, and go to state 26
    tNOT         shift, and go to state 27
    tNEG         shift, and go to state 28

    expr  go to state 71


State 51

   10 decl: tVAR tIDENT tCOLON tBOOLTYPE . tSEMICOLON
   14     | tVAR tIDENT tCOLON tBOOLTYPE . tASSIGN expr tSEMICOLON

    tSEMICOLON  shift, and go to state 72
    tASSIGN     shift, and go to state 73


State 52

   11 decl: tVAR tIDENT tCOLON tINTTYPE . tSEMICOLON
   15     | tVAR tIDENT tCOLON tINTTYPE . tASSIGN expr tSEMICOLON

    tSEMICOLON  shift, and go to state 74
    tASSIGN     shift, and go to state 75


State 53

   12 decl: tVAR tIDENT tCOLON tFLOATTYPE . tSEMICOLON
   16     | tVAR tIDENT tCOLON tFLOATTYPE . tASSIGN expr tSEMICOLON

    tSEMICOLON  shift, and go to state 76
    tASSIGN     shift, and go to state 77


State 54

   13 decl: tVAR tIDENT tCOLON tSTRINGTYPE . tSEMICOLON
   17     | tVAR tIDENT tCOLON tSTRINGTYPE . tASSIGN expr tSEMICOLON

    tSEMICOLON  shift, and go to state 78
    tASSIGN     shift, and go to state 79


State 55

   18 ifstmt: tIF tLPAREN expr tRPAREN . tLBRACE stmts tRBRACE elsestmt
   19       | tIF tLPAREN expr tRPAREN . tLBRACE stmts tRBRACE

    tLBRACE  shift, and go to state 80


State 56

   22 whileloop: tWHILE tLPAREN expr tRPAREN . tLBRACE stmts tRBRACE

    tLBRACE  shift, and go to state 81


State 57

    4 stmt: tREAD tLPAREN tIDENT tRPAREN . tSEMICOLON

    tSEMICOLON  shift, and go to state 82


State 58

    5 stmt: tPRINT tLPAREN expr tRPAREN . tSEMICOLON

    tSEMICOLON  shift, and go to state 83


State 59

   30 expr: tLPAREN expr tRPAREN .

    $default  reduce using rule 30 (expr)


State 60

   31 expr: expr . tMUL expr
   32     | expr . tDIV expr
   33     | expr . tADD expr
   33     | expr tADD expr .  [tRPAREN, tSEMICOLON, tADD, tSUB, tEQUALS, tNEQUALS, tGREATEREQ, tLESSEQ, tGREATER, tLESS, tAND, tOR]
   34     | expr . tSUB expr
   35     | expr . tGREATEREQ expr
   36     | expr . tLESSEQ expr
   37     | expr . tGREATER expr
   38     | expr . tLESS expr
   39     | expr . tEQUALS expr
   40     | expr . tNEQUALS expr
   41     | expr . tAND expr
   42     | expr . tOR expr

    tMUL  shift, and go to state 41
    tDIV  shift, and go to state 42

    $default  reduce using rule 33 (expr)

    Conflict between rule 33 and token tADD resolved as reduce (%left tADD).
    Conflict between rule 33 and token tSUB resolved as reduce (%left tSUB).
    Conflict between rule 33 and token tMUL resolved as shift (tADD < tMUL).
    Conflict between rule 33 and token tDIV resolved as shift (tADD < tDIV).
    Conflict between rule 33 and token tEQUALS resolved as reduce (tEQUALS < tADD).
    Conflict between rule 33 and token tNEQUALS resolved as reduce (tNEQUALS < tADD).
    Conflict between rule 33 and token tGREATEREQ resolved as reduce (tGREATEREQ < tADD).
    Conflict between rule 33 and token tLESSEQ resolved as reduce (tLESSEQ < tADD).
    Conflict between rule 33 and token tGREATER resolved as reduce (tGREATER < tADD).
    Conflict between rule 33 and token tLESS resolved as reduce (tLESS < tADD).
    Conflict between rule 33 and token tAND resolved as reduce (tAND < tADD).
    Conflict between rule 33 and token tOR resolved as reduce (tOR < tADD).


State 61

   31 expr: expr . tMUL expr
   32     | expr . tDIV expr
   33     | expr . tADD expr
   34     | expr . tSUB expr
   34     | expr tSUB expr .  [tRPAREN, tSEMICOLON, tADD, tSUB, tEQUALS, tNEQUALS, tGREATEREQ, tLESSEQ, tGREATER, tLESS, tAND, tOR]
   35     | expr . tGREATEREQ expr
   36     | expr . tLESSEQ expr
   37     | expr . tGREATER expr
   38     | expr . tLESS expr
   39     | expr . tEQUALS expr
   40     | expr . tNEQUALS expr
   41     | expr . tAND expr
   42     | expr . tOR expr

    tMUL  shift, and go to state 41
    tDIV  shift, and go to state 42

    $default  reduce using rule 34 (expr)

    Conflict between rule 34 and token tADD resolved as reduce (%left tADD).
    Conflict between rule 34 and token tSUB resolved as reduce (%left tSUB).
    Conflict between rule 34 and token tMUL resolved as shift (tSUB < tMUL).
    Conflict between rule 34 and token tDIV resolved as shift (tSUB < tDIV).
    Conflict between rule 34 and token tEQUALS resolved as reduce (tEQUALS < tSUB).
    Conflict between rule 34 and token tNEQUALS resolved as reduce (tNEQUALS < tSUB).
    Conflict between rule 34 and token tGREATEREQ resolved as reduce (tGREATEREQ < tSUB).
    Conflict between rule 34 and token tLESSEQ resolved as reduce (tLESSEQ < tSUB).
    Conflict between rule 34 and token tGREATER resolved as reduce (tGREATER < tSUB).
    Conflict between rule 34 and token tLESS resolved as reduce (tLESS < tSUB).
    Conflict between rule 34 and token tAND resolved as reduce (tAND < tSUB).
    Conflict between rule 34 and token tOR resolved as reduce (tOR < tSUB).


State 62

   31 expr: expr . tMUL expr
   31     | expr tMUL expr .  [tRPAREN, tSEMICOLON, tADD, tSUB, tMUL, tDIV, tEQUALS, tNEQUALS, tGREATEREQ, tLESSEQ, tGREATER, tLESS, tAND, tOR]
   32     | expr . tDIV expr
   33     | expr . tADD expr
   34     | expr . tSUB expr
   35     | expr . tGREATEREQ expr
   36     | expr . tLESSEQ expr
   37     | expr . tGREATER expr
   38     | expr . tLESS expr
   39     | expr . tEQUALS expr
   40     | expr . tNEQUALS expr
   41     | expr . tAND expr
   42     | expr . tOR expr

    $default  reduce using rule 31 (expr)

    Conflict between rule 31 and token tADD resolved as reduce (tADD < tMUL).
    Conflict between rule 31 and token tSUB resolved as reduce (tSUB < tMUL).
    Conflict between rule 31 and token tMUL resolved as reduce (%left tMUL).
    Conflict between rule 31 and token tDIV resolved as reduce (%left tDIV).
    Conflict between rule 31 and token tEQUALS resolved as reduce (tEQUALS < tMUL).
    Conflict between rule 31 and token tNEQUALS resolved as reduce (tNEQUALS < tMUL).
    Conflict between rule 31 and token tGREATEREQ resolved as reduce (tGREATEREQ < tMUL).
    Conflict between rule 31 and token tLESSEQ resolved as reduce (tLESSEQ < tMUL).
    Conflict between rule 31 and token tGREATER resolved as reduce (tGREATER < tMUL).
    Conflict between rule 31 and token tLESS resolved as reduce (tLESS < tMUL).
    Conflict between rule 31 and token tAND resolved as reduce (tAND < tMUL).
    Conflict between rule 31 and token tOR resolved as reduce (tOR < tMUL).


State 63

   31 expr: expr . tMUL expr
   32     | expr . tDIV expr
   32     | expr tDIV expr .  [tRPAREN, tSEMICOLON, tADD, tSUB, tMUL, tDIV, tEQUALS, tNEQUALS, tGREATEREQ, tLESSEQ, tGREATER, tLESS, tAND, tOR]
   33     | expr . tADD expr
   34     | expr . tSUB expr
   35     | expr . tGREATEREQ expr
   36     | expr . tLESSEQ expr
   37     | expr . tGREATER expr
   38     | expr . tLESS expr
   39     | expr . tEQUALS expr
   40     | expr . tNEQUALS expr
   41     | expr . tAND expr
   42     | expr . tOR expr

    $default  reduce using rule 32 (expr)

    Conflict between rule 32 and token tADD resolved as reduce (tADD < tDIV).
    Conflict between rule 32 and token tSUB resolved as reduce (tSUB < tDIV).
    Conflict between rule 32 and token tMUL resolved as reduce (%left tMUL).
    Conflict between rule 32 and token tDIV resolved as reduce (%left tDIV).
    Conflict between rule 32 and token tEQUALS resolved as reduce (tEQUALS < tDIV).
    Conflict between rule 32 and token tNEQUALS resolved as reduce (tNEQUALS < tDIV).
    Conflict between rule 32 and token tGREATEREQ resolved as reduce (tGREATEREQ < tDIV).
    Conflict between rule 32 and token tLESSEQ resolved as reduce (tLESSEQ < tDIV).
    Conflict between rule 32 and token tGREATER resolved as reduce (tGREATER < tDIV).
    Conflict between rule 32 and token tLESS resolved as reduce (tLESS < tDIV).
    Conflict between rule 32 and token tAND resolved as reduce (tAND < tDIV).
    Conflict between rule 32 and token tOR resolved as reduce (tOR < tDIV).


State 64

   31 expr: expr . tMUL expr
   32     | expr . tDIV expr
   33     | expr . tADD expr
   34     | expr . tSUB expr
   35     | expr . tGREATEREQ expr
   36     | expr . tLESSEQ expr
   37     | expr . tGREATER expr
   38     | expr . tLESS expr
   39     | expr . tEQUALS expr
   39     | expr tEQUALS expr .  [tRPAREN, tSEMICOLON, tEQUALS, tNEQUALS, tAND, tOR]
   40     | expr . tNEQUALS expr
   41     | expr . tAND expr
   42     | expr . tOR expr

    tADD        shift, and go to state 39
    tSUB        shift, and go to state 40
    tMUL        shift, and go to state 41
    tDIV        shift, and go to state 42
    tGREATEREQ  shift, and go to state 45
    tLESSEQ     shift, and go to state 46
    tGREATER    shift, and go to state 47
    tLESS       shift, and go to state 48

    $default  reduce using rule 39 (expr)

    Conflict between rule 39 and token tADD resolved as shift (tEQUALS < tADD).
    Conflict between rule 39 and token tSUB resolved as shift (tEQUALS < tSUB).
    Conflict between rule 39 and token tMUL resolved as shift (tEQUALS < tMUL).
    Conflict between rule 39 and token tDIV resolved as shift (tEQUALS < tDIV).
    Conflict between rule 39 and token tEQUALS resolved as reduce (%left tEQUALS).
    Conflict between rule 39 and token tNEQUALS resolved as reduce (%left tNEQUALS).
    Conflict between rule 39 and token tGREATEREQ resolved as shift (tEQUALS < tGREATEREQ).
    Conflict between rule 39 and token tLESSEQ resolved as shift (tEQUALS < tLESSEQ).
    Conflict between rule 39 and token tGREATER resolved as shift (tEQUALS < tGREATER).
    Conflict between rule 39 and token tLESS resolved as shift (tEQUALS < tLESS).
    Conflict between rule 39 and token tAND resolved as reduce (tAND < tEQUALS).
    Conflict between rule 39 and token tOR resolved as reduce (tOR < tEQUALS).


State 65

   31 expr: expr . tMUL expr
   32     | expr . tDIV expr
   33     | expr . tADD expr
   34     | expr . tSUB expr
   35     | expr . tGREATEREQ expr
   36     | expr . tLESSEQ expr
   37     | expr . tGREATER expr
   38     | expr . tLESS expr
   39     | expr . tEQUALS expr
   40     | expr . tNEQUALS expr
   40     | expr tNEQUALS expr .  [tRPAREN, tSEMICOLON, tEQUALS, tNEQUALS, tAND, tOR]
   41     | expr . tAND expr
   42     | expr . tOR expr

    tADD        shift, and go to state 39
    tSUB        shift, and go to state 40
    tMUL        shift, and go to state 41
    tDIV        shift, and go to state 42
    tGREATEREQ  shift, and go to state 45
    tLESSEQ     shift, and go to state 46
    tGREATER    shift, and go to state 47
    tLESS       shift, and go to state 48

    $default  reduce using rule 40 (expr)

    Conflict between rule 40 and token tADD resolved as shift (tNEQUALS < tADD).
    Conflict between rule 40 and token tSUB resolved as shift (tNEQUALS < tSUB).
    Conflict between rule 40 and token tMUL resolved as shift (tNEQUALS < tMUL).
    Conflict between rule 40 and token tDIV resolved as shift (tNEQUALS < tDIV).
    Conflict between rule 40 and token tEQUALS resolved as reduce (%left tEQUALS).
    Conflict between rule 40 and token tNEQUALS resolved as reduce (%left tNEQUALS).
    Conflict between rule 40 and token tGREATEREQ resolved as shift (tNEQUALS < tGREATEREQ).
    Conflict between rule 40 and token tLESSEQ resolved as shift (tNEQUALS < tLESSEQ).
    Conflict between rule 40 and token tGREATER resolved as shift (tNEQUALS < tGREATER).
    Conflict between rule 40 and token tLESS resolved as shift (tNEQUALS < tLESS).
    Conflict between rule 40 and token tAND resolved as reduce (tAND < tNEQUALS).
    Conflict between rule 40 and token tOR resolved as reduce (tOR < tNEQUALS).


State 66

   31 expr: expr . tMUL expr
   32     | expr . tDIV expr
   33     | expr . tADD expr
   34     | expr . tSUB expr
   35     | expr . tGREATEREQ expr
   35     | expr tGREATEREQ expr .  [tRPAREN, tSEMICOLON, tEQUALS, tNEQUALS, tGREATEREQ, tLESSEQ, tGREATER, tLESS, tAND, tOR]
   36     | expr . tLESSEQ expr
   37     | expr . tGREATER expr
   38     | expr . tLESS expr
   39     | expr . tEQUALS expr
   40     | expr . tNEQUALS expr
   41     | expr . tAND expr
   42     | expr . tOR expr

    tADD  shift, and go to state 39
    tSUB  shift, and go to state 40
    tMUL  shift, and go to state 41
    tDIV  shift, and go to state 42

    $default  reduce using rule 35 (expr)

    Conflict between rule 35 and token tADD resolved as shift (tGREATEREQ < tADD).
    Conflict between rule 35 and token tSUB resolved as shift (tGREATEREQ < tSUB).
    Conflict between rule 35 and token tMUL resolved as shift (tGREATEREQ < tMUL).
    Conflict between rule 35 and token tDIV resolved as shift (tGREATEREQ < tDIV).
    Conflict between rule 35 and token tEQUALS resolved as reduce (tEQUALS < tGREATEREQ).
    Conflict between rule 35 and token tNEQUALS resolved as reduce (tNEQUALS < tGREATEREQ).
    Conflict between rule 35 and token tGREATEREQ resolved as reduce (%left tGREATEREQ).
    Conflict between rule 35 and token tLESSEQ resolved as reduce (%left tLESSEQ).
    Conflict between rule 35 and token tGREATER resolved as reduce (%left tGREATER).
    Conflict between rule 35 and token tLESS resolved as reduce (%left tLESS).
    Conflict between rule 35 and token tAND resolved as reduce (tAND < tGREATEREQ).
    Conflict between rule 35 and token tOR resolved as reduce (tOR < tGREATEREQ).


State 67

   31 expr: expr . tMUL expr
   32     | expr . tDIV expr
   33     | expr . tADD expr
   34     | expr . tSUB expr
   35     | expr . tGREATEREQ expr
   36     | expr . tLESSEQ expr
   36     | expr tLESSEQ expr .  [tRPAREN, tSEMICOLON, tEQUALS, tNEQUALS, tGREATEREQ, tLESSEQ, tGREATER, tLESS, tAND, tOR]
   37     | expr . tGREATER expr
   38     | expr . tLESS expr
   39     | expr . tEQUALS expr
   40     | expr . tNEQUALS expr
   41     | expr . tAND expr
   42     | expr . tOR expr

    tADD  shift, and go to state 39
    tSUB  shift, and go to state 40
    tMUL  shift, and go to state 41
    tDIV  shift, and go to state 42

    $default  reduce using rule 36 (expr)

    Conflict between rule 36 and token tADD resolved as shift (tLESSEQ < tADD).
    Conflict between rule 36 and token tSUB resolved as shift (tLESSEQ < tSUB).
    Conflict between rule 36 and token tMUL resolved as shift (tLESSEQ < tMUL).
    Conflict between rule 36 and token tDIV resolved as shift (tLESSEQ < tDIV).
    Conflict between rule 36 and token tEQUALS resolved as reduce (tEQUALS < tLESSEQ).
    Conflict between rule 36 and token tNEQUALS resolved as reduce (tNEQUALS < tLESSEQ).
    Conflict between rule 36 and token tGREATEREQ resolved as reduce (%left tGREATEREQ).
    Conflict between rule 36 and token tLESSEQ resolved as reduce (%left tLESSEQ).
    Conflict between rule 36 and token tGREATER resolved as reduce (%left tGREATER).
    Conflict between rule 36 and token tLESS resolved as reduce (%left tLESS).
    Conflict between rule 36 and token tAND resolved as reduce (tAND < tLESSEQ).
    Conflict between rule 36 and token tOR resolved as reduce (tOR < tLESSEQ).


State 68

   31 expr: expr . tMUL expr
   32     | expr . tDIV expr
   33     | expr . tADD expr
   34     | expr . tSUB expr
   35     | expr . tGREATEREQ expr
   36     | expr . tLESSEQ expr
   37     | expr . tGREATER expr
   37     | expr tGREATER expr .  [tRPAREN, tSEMICOLON, tEQUALS, tNEQUALS, tGREATEREQ, tLESSEQ, tGREATER, tLESS, tAND, tOR]
   38     | expr . tLESS expr
   39     | expr . tEQUALS expr
   40     | expr . tNEQUALS expr
   41     | expr . tAND expr
   42     | expr . tOR expr

    tADD  shift, and go to state 39
    tSUB  shift, and go to state 40
    tMUL  shift, and go to state 41
    tDIV  shift, and go to state 42

    $default  reduce using rule 37 (expr)

    Conflict between rule 37 and token tADD resolved as shift (tGREATER < tADD).
    Conflict between rule 37 and token tSUB resolved as shift (tGREATER < tSUB).
    Conflict between rule 37 and token tMUL resolved as shift (tGREATER < tMUL).
    Conflict between rule 37 and token tDIV resolved as shift (tGREATER < tDIV).
    Conflict between rule 37 and token tEQUALS resolved as reduce (tEQUALS < tGREATER).
    Conflict between rule 37 and token tNEQUALS resolved as reduce (tNEQUALS < tGREATER).
    Conflict between rule 37 and token tGREATEREQ resolved as reduce (%left tGREATEREQ).
    Conflict between rule 37 and token tLESSEQ resolved as reduce (%left tLESSEQ).
    Conflict between rule 37 and token tGREATER resolved as reduce (%left tGREATER).
    Conflict between rule 37 and token tLESS resolved as reduce (%left tLESS).
    Conflict between rule 37 and token tAND resolved as reduce (tAND < tGREATER).
    Conflict between rule 37 and token tOR resolved as reduce (tOR < tGREATER).


State 69

   31 expr: expr . tMUL expr
   32     | expr . tDIV expr
   33     | expr . tADD expr
   34     | expr . tSUB expr
   35     | expr . tGREATEREQ expr
   36     | expr . tLESSEQ expr
   37     | expr . tGREATER expr
   38     | expr . tLESS expr
   38     | expr tLESS expr .  [tRPAREN, tSEMICOLON, tEQUALS, tNEQUALS, tGREATEREQ, tLESSEQ, tGREATER, tLESS, tAND, tOR]
   39     | expr . tEQUALS expr
   40     | expr . tNEQUALS expr
   41     | expr . tAND expr
   42     | expr . tOR expr

    tADD  shift, and go to state 39
    tSUB  shift, and go to state 40
    tMUL  shift, and go to state 41
    tDIV  shift, and go to state 42

    $default  reduce using rule 38 (expr)

    Conflict between rule 38 and token tADD resolved as shift (tLESS < tADD).
    Conflict between rule 38 and token tSUB resolved as shift (tLESS < tSUB).
    Conflict between rule 38 and token tMUL resolved as shift (tLESS < tMUL).
    Conflict between rule 38 and token tDIV resolved as shift (tLESS < tDIV).
    Conflict between rule 38 and token tEQUALS resolved as reduce (tEQUALS < tLESS).
    Conflict between rule 38 and token tNEQUALS resolved as reduce (tNEQUALS < tLESS).
    Conflict between rule 38 and token tGREATEREQ resolved as reduce (%left tGREATEREQ).
    Conflict between rule 38 and token tLESSEQ resolved as reduce (%left tLESSEQ).
    Conflict between rule 38 and token tGREATER resolved as reduce (%left tGREATER).
    Conflict between rule 38 and token tLESS resolved as reduce (%left tLESS).
    Conflict between rule 38 and token tAND resolved as reduce (tAND < tLESS).
    Conflict between rule 38 and token tOR resolved as reduce (tOR < tLESS).


State 70

   31 expr: expr . tMUL expr
   32     | expr . tDIV expr
   33     | expr . tADD expr
   34     | expr . tSUB expr
   35     | expr . tGREATEREQ expr
   36     | expr . tLESSEQ expr
   37     | expr . tGREATER expr
   38     | expr . tLESS expr
   39     | expr . tEQUALS expr
   40     | expr . tNEQUALS expr
   41     | expr . tAND expr
   41     | expr tAND expr .  [tRPAREN, tSEMICOLON, tAND, tOR]
   42     | expr . tOR expr

    tADD        shift, and go to state 39
    tSUB        shift, and go to state 40
    tMUL        shift, and go to state 41
    tDIV        shift, and go to state 42
    tEQUALS     shift, and go to state 43
    tNEQUALS    shift, and go to state 44
    tGREATEREQ  shift, and go to state 45
    tLESSEQ     shift, and go to state 46
    tGREATER    shift, and go to state 47
    tLESS       shift, and go to state 48

    $default  reduce using rule 41 (expr)

    Conflict between rule 41 and token tADD resolved as shift (tAND < tADD).
    Conflict between rule 41 and token tSUB resolved as shift (tAND < tSUB).
    Conflict between rule 41 and token tMUL resolved as shift (tAND < tMUL).
    Conflict between rule 41 and token tDIV resolved as shift (tAND < tDIV).
    Conflict between rule 41 and token tEQUALS resolved as shift (tAND < tEQUALS).
    Conflict between rule 41 and token tNEQUALS resolved as shift (tAND < tNEQUALS).
    Conflict between rule 41 and token tGREATEREQ resolved as shift (tAND < tGREATEREQ).
    Conflict between rule 41 and token tLESSEQ resolved as shift (tAND < tLESSEQ).
    Conflict between rule 41 and token tGREATER resolved as shift (tAND < tGREATER).
    Conflict between rule 41 and token tLESS resolved as shift (tAND < tLESS).
    Conflict between rule 41 and token tAND resolved as reduce (%left tAND).
    Conflict between rule 41 and token tOR resolved as reduce (tOR < tAND).


State 71

   31 expr: expr . tMUL expr
   32     | expr . tDIV expr
   33     | expr . tADD expr
   34     | expr . tSUB expr
   35     | expr . tGREATEREQ expr
   36     | expr . tLESSEQ expr
   37     | expr . tGREATER expr
   38     | expr . tLESS expr
   39     | expr . tEQUALS expr
   40     | expr . tNEQUALS expr
   41     | expr . tAND expr
   42     | expr . tOR expr
   42     | expr tOR expr .  [tRPAREN, tSEMICOLON, tOR]

    tADD        shift, and go to state 39
    tSUB        shift, and go to state 40
    tMUL        shift, and go to state 41
    tDIV        shift, and go to state 42
    tEQUALS     shift, and go to state 43
    tNEQUALS    shift, and go to state 44
    tGREATEREQ  shift, and go to state 45
    tLESSEQ     shift, and go to state 46
    tGREATER    shift, and go to state 47
    tLESS       shift, and go to state 48
    tAND        shift, and go to state 49

    $default  reduce using rule 42 (expr)

    Conflict between rule 42 and token tADD resolved as shift (tOR < tADD).
    Conflict between rule 42 and token tSUB resolved as shift (tOR < tSUB).
    Conflict between rule 42 and token tMUL resolved as shift (tOR < tMUL).
    Conflict between rule 42 and token tDIV resolved as shift (tOR < tDIV).
    Conflict between rule 42 and token tEQUALS resolved as shift (tOR < tEQUALS).
    Conflict between rule 42 and token tNEQUALS resolved as shift (tOR < tNEQUALS).
    Conflict between rule 42 and token tGREATEREQ resolved as shift (tOR < tGREATEREQ).
    Conflict between rule 42 and token tLESSEQ resolved as shift (tOR < tLESSEQ).
    Conflict between rule 42 and token tGREATER resolved as shift (tOR < tGREATER).
    Conflict between rule 42 and token tLESS resolved as shift (tOR < tLESS).
    Conflict between rule 42 and token tAND resolved as shift (tOR < tAND).
    Conflict between rule 42 and token tOR resolved as reduce (%left tOR).


State 72

   10 decl: tVAR tIDENT tCOLON tBOOLTYPE tSEMICOLON .

    $default  reduce using rule 10 (decl)


State 73

   14 decl: tVAR tIDENT tCOLON tBOOLTYPE tASSIGN . expr tSEMICOLON
   23 expr: . tIDENT
   24     | . tBOOLTYPE
   25     | . tINTTYPE
   26     | . tFLOATTYPE
   27     | . tSTRINGTYPE
   28     | . tNEG expr
   29     | . tNOT expr
   30     | . tLPAREN expr tRPAREN
   31     | . expr tMUL expr
   32     | . expr tDIV expr
   33     | . expr tADD expr
   34     | . expr tSUB expr
   35     | . expr tGREATEREQ expr
   36     | . expr tLESSEQ expr
   37     | . expr tGREATER expr
   38     | . expr tLESS expr
   39     | . expr tEQUALS expr
   40     | . expr tNEQUALS expr
   41     | . expr tAND expr
   42     | . expr tOR expr

    tBOOLTYPE    shift, and go to state 21
    tINTTYPE     shift, and go to state 22
    tFLOATTYPE   shift, and go to state 23
    tSTRINGTYPE  shift, and go to state 24
    tIDENT       shift, and go to state 25
    tLPAREN      shift, and go to state 26
    tNOT         shift, and go to state 27
    tNEG         shift, and go to state 28

    expr  go to state 84


State 74

   11 decl: tVAR tIDENT tCOLON tINTTYPE tSEMICOLON .

    $default  reduce using rule 11 (decl)


State 75

   15 decl: tVAR tIDENT tCOLON tINTTYPE tASSIGN . expr tSEMICOLON
   23 expr: . tIDENT
   24     | . tBOOLTYPE
   25     | . tINTTYPE
   26     | . tFLOATTYPE
   27     | . tSTRINGTYPE
   28     | . tNEG expr
   29     | . tNOT expr
   30     | . tLPAREN expr tRPAREN
   31     | . expr tMUL expr
   32     | . expr tDIV expr
   33     | . expr tADD expr
   34     | . expr tSUB expr
   35     | . expr tGREATEREQ expr
   36     | . expr tLESSEQ expr
   37     | . expr tGREATER expr
   38     | . expr tLESS expr
   39     | . expr tEQUALS expr
   40     | . expr tNEQUALS expr
   41     | . expr tAND expr
   42     | . expr tOR expr

    tBOOLTYPE    shift, and go to state 21
    tINTTYPE     shift, and go to state 22
    tFLOATTYPE   shift, and go to state 23
    tSTRINGTYPE  shift, and go to state 24
    tIDENT       shift, and go to state 25
    tLPAREN      shift, and go to state 26
    tNOT         shift, and go to state 27
    tNEG         shift, and go to state 28

    expr  go to state 85


State 76

   12 decl: tVAR tIDENT tCOLON tFLOATTYPE tSEMICOLON .

    $default  reduce using rule 12 (decl)


State 77

   16 decl: tVAR tIDENT tCOLON tFLOATTYPE tASSIGN . expr tSEMICOLON
   23 expr: . tIDENT
   24     | . tBOOLTYPE
   25     | . tINTTYPE
   26     | . tFLOATTYPE
   27     | . tSTRINGTYPE
   28     | . tNEG expr
   29     | . tNOT expr
   30     | . tLPAREN expr tRPAREN
   31     | . expr tMUL expr
   32     | . expr tDIV expr
   33     | . expr tADD expr
   34     | . expr tSUB expr
   35     | . expr tGREATEREQ expr
   36     | . expr tLESSEQ expr
   37     | . expr tGREATER expr
   38     | . expr tLESS expr
   39     | . expr tEQUALS expr
   40     | . expr tNEQUALS expr
   41     | . expr tAND expr
   42     | . expr tOR expr

    tBOOLTYPE    shift, and go to state 21
    tINTTYPE     shift, and go to state 22
    tFLOATTYPE   shift, and go to state 23
    tSTRINGTYPE  shift, and go to state 24
    tIDENT       shift, and go to state 25
    tLPAREN      shift, and go to state 26
    tNOT         shift, and go to state 27
    tNEG         shift, and go to state 28

    expr  go to state 86


State 78

   13 decl: tVAR tIDENT tCOLON tSTRINGTYPE tSEMICOLON .

    $default  reduce using rule 13 (decl)


State 79

   17 decl: tVAR tIDENT tCOLON tSTRINGTYPE tASSIGN . expr tSEMICOLON
   23 expr: . tIDENT
   24     | . tBOOLTYPE
   25     | . tINTTYPE
   26     | . tFLOATTYPE
   27     | . tSTRINGTYPE
   28     | . tNEG expr
   29     | . tNOT expr
   30     | . tLPAREN expr tRPAREN
   31     | . expr tMUL expr
   32     | . expr tDIV expr
   33     | . expr tADD expr
   34     | . expr tSUB expr
   35     | . expr tGREATEREQ expr
   36     | . expr tLESSEQ expr
   37     | . expr tGREATER expr
   38     | . expr tLESS expr
   39     | . expr tEQUALS expr
   40     | . expr tNEQUALS expr
   41     | . expr tAND expr
   42     | . expr tOR expr

    tBOOLTYPE    shift, and go to state 21
    tINTTYPE     shift, and go to state 22
    tFLOATTYPE   shift, and go to state 23
    tSTRINGTYPE  shift, and go to state 24
    tIDENT       shift, and go to state 25
    tLPAREN      shift, and go to state 26
    tNOT         shift, and go to state 27
    tNEG         shift, and go to state 28

    expr  go to state 87


State 80

    2 stmts: . %empty  [tRBRACE]
    3      | . stmt stmts
    4 stmt: . tREAD tLPAREN tIDENT tRPAREN tSEMICOLON
    5     | . tPRINT tLPAREN expr tRPAREN tSEMICOLON
    6     | . decl
    7     | . tIDENT tASSIGN expr tSEMICOLON
    8     | . ifstmt
    9     | . whileloop
   10 decl: . tVAR tIDENT tCOLON tBOOLTYPE tSEMICOLON
   11     | . tVAR tIDENT tCOLON tINTTYPE tSEMICOLON
   12     | . tVAR tIDENT tCOLON tFLOATTYPE tSEMICOLON
   13     | . tVAR tIDENT tCOLON tSTRINGTYPE tSEMICOLON
   14     | . tVAR tIDENT tCOLON tBOOLTYPE tASSIGN expr tSEMICOLON
   15     | . tVAR tIDENT tCOLON tINTTYPE tASSIGN expr tSEMICOLON
   16     | . tVAR tIDENT tCOLON tFLOATTYPE tASSIGN expr tSEMICOLON
   17     | . tVAR tIDENT tCOLON tSTRINGTYPE tASSIGN expr tSEMICOLON
   18 ifstmt: . tIF tLPAREN expr tRPAREN tLBRACE stmts tRBRACE elsestmt
   18       | tIF tLPAREN expr tRPAREN tLBRACE . stmts tRBRACE elsestmt
   19       | . tIF tLPAREN expr tRPAREN tLBRACE stmts tRBRACE
   19       | tIF tLPAREN expr tRPAREN tLBRACE . stmts tRBRACE
   22 whileloop: . tWHILE tLPAREN expr tRPAREN tLBRACE stmts tRBRACE

    tIDENT  shift, and go to state 1
    tVAR    shift, and go to state 2
    tIF     shift, and go to state 3
    tWHILE  shift, and go to state 4
    tREAD   shift, and go to state 5
    tPRINT  shift, and go to state 6

    $default  reduce using rule 2 (stmts)

    stmts      go to state 88
    stmt       go to state 9
    decl       go to state 10
    ifstmt     go to state 11
    whileloop  go to state 12


State 81

    2 stmts: . %empty  [tRBRACE]
    3      | . stmt stmts
    4 stmt: . tREAD tLPAREN tIDENT tRPAREN tSEMICOLON
    5     | . tPRINT tLPAREN expr tRPAREN tSEMICOLON
    6     | . decl
    7     | . tIDENT tASSIGN expr tSEMICOLON
    8     | . ifstmt
    9     | . whileloop
   10 decl: . tVAR tIDENT tCOLON tBOOLTYPE tSEMICOLON
   11     | . tVAR tIDENT tCOLON tINTTYPE tSEMICOLON
   12     | . tVAR tIDENT tCOLON tFLOATTYPE tSEMICOLON
   13     | . tVAR tIDENT tCOLON tSTRINGTYPE tSEMICOLON
   14     | . tVAR tIDENT tCOLON tBOOLTYPE tASSIGN expr tSEMICOLON
   15     | . tVAR tIDENT tCOLON tINTTYPE tASSIGN expr tSEMICOLON
   16     | . tVAR tIDENT tCOLON tFLOATTYPE tASSIGN expr tSEMICOLON
   17     | . tVAR tIDENT tCOLON tSTRINGTYPE tASSIGN expr tSEMICOLON
   18 ifstmt: . tIF tLPAREN expr tRPAREN tLBRACE stmts tRBRACE elsestmt
   19       | . tIF tLPAREN expr tRPAREN tLBRACE stmts tRBRACE
   22 whileloop: . tWHILE tLPAREN expr tRPAREN tLBRACE stmts tRBRACE
   22          | tWHILE tLPAREN expr tRPAREN tLBRACE . stmts tRBRACE

    tIDENT  shift, and go to state 1
    tVAR    shift, and go to state 2
    tIF     shift, and go to state 3
    tWHILE  shift, and go to state 4
    tREAD   shift, and go to state 5
    tPRINT  shift, and go to state 6

    $default  reduce using rule 2 (stmts)

    stmts      go to state 89
    stmt       go to state 9
    decl       go to state 10
    ifstmt     go to state 11
    whileloop  go to state 12


State 82

    4 stmt: tREAD tLPAREN tIDENT tRPAREN tSEMICOLON .

    $default  reduce using rule 4 (stmt)


State 83

    5 stmt: tPRINT tLPAREN expr tRPAREN tSEMICOLON .

    $default  reduce using rule 5 (stmt)


State 84

   14 decl: tVAR tIDENT tCOLON tBOOLTYPE tASSIGN expr . tSEMICOLON
   31 expr: expr . tMUL expr
   32     | expr . tDIV expr
   33     | expr . tADD expr
   34     | expr . tSUB expr
   35     | expr . tGREATEREQ expr
   36     | expr . tLESSEQ expr
   37     | expr . tGREATER expr
   38     | expr . tLESS expr
   39     | expr . tEQUALS expr
   40     | expr . tNEQUALS expr
   41     | expr . tAND expr
   42     | expr . tOR expr

    tSEMICOLON  shift, and go to state 90
    tADD        shift, and go to state 39
    tSUB        shift, and go to state 40
    tMUL        shift, and go to state 41
    tDIV        shift, and go to state 42
    tEQUALS     shift, and go to state 43
    tNEQUALS    shift, and go to state 44
    tGREATEREQ  shift, and go to state 45
    tLESSEQ     shift, and go to state 46
    tGREATER    shift, and go to state 47
    tLESS       shift, and go to state 48
    tAND        shift, and go to state 49
    tOR         shift, and go to state 50


State 85

   15 decl: tVAR tIDENT tCOLON tINTTYPE tASSIGN expr . tSEMICOLON
   31 expr: expr . tMUL expr
   32     | expr . tDIV expr
   33     | expr . tADD expr
   34     | expr . tSUB expr
   35     | expr . tGREATEREQ expr
   36     | expr . tLESSEQ expr
   37     | expr . tGREATER expr
   38     | expr . tLESS expr
   39     | expr . tEQUALS expr
   40     | expr . tNEQUALS expr
   41     | expr . tAND expr
   42     | expr . tOR expr

    tSEMICOLON  shift, and go to state 91
    tADD        shift, and go to state 39
    tSUB        shift, and go to state 40
    tMUL        shift, and go to state 41
    tDIV        shift, and go to state 42
    tEQUALS     shift, and go to state 43
    tNEQUALS    shift, and go to state 44
    tGREATEREQ  shift, and go to state 45
    tLESSEQ     shift, and go to state 46
    tGREATER    shift, and go to state 47
    tLESS       shift, and go to state 48
    tAND        shift, and go to state 49
    tOR         shift, and go to state 50


State 86

   16 decl: tVAR tIDENT tCOLON tFLOATTYPE tASSIGN expr . tSEMICOLON
   31 expr: expr . tMUL expr
   32     | expr . tDIV expr
   33     | expr . tADD expr
   34     | expr . tSUB expr
   35     | expr . tGREATEREQ expr
   36     | expr . tLESSEQ expr
   37     | expr . tGREATER expr
   38     | expr . tLESS expr
   39     | expr . tEQUALS expr
   40     | expr . tNEQUALS expr
   41     | expr . tAND expr
   42     | expr . tOR expr

    tSEMICOLON  shift, and go to state 92
    tADD        shift, and go to state 39
    tSUB        shift, and go to state 40
    tMUL        shift, and go to state 41
    tDIV        shift, and go to state 42
    tEQUALS     shift, and go to state 43
    tNEQUALS    shift, and go to state 44
    tGREATEREQ  shift, and go to state 45
    tLESSEQ     shift, and go to state 46
    tGREATER    shift, and go to state 47
    tLESS       shift, and go to state 48
    tAND        shift, and go to state 49
    tOR         shift, and go to state 50


State 87

   17 decl: tVAR tIDENT tCOLON tSTRINGTYPE tASSIGN expr . tSEMICOLON
   31 expr: expr . tMUL expr
   32     | expr . tDIV expr
   33     | expr . tADD expr
   34     | expr . tSUB expr
   35     | expr . tGREATEREQ expr
   36     | expr . tLESSEQ expr
   37     | expr . tGREATER expr
   38     | expr . tLESS expr
   39     | expr . tEQUALS expr
   40     | expr . tNEQUALS expr
   41     | expr . tAND expr
   42     | expr . tOR expr

    tSEMICOLON  shift, and go to state 93
    tADD        shift, and go to state 39
    tSUB        shift, and go to state 40
    tMUL        shift, and go to state 41
    tDIV        shift, and go to state 42
    tEQUALS     shift, and go to state 43
    tNEQUALS    shift, and go to state 44
    tGREATEREQ  shift, and go to state 45
    tLESSEQ     shift, and go to state 46
    tGREATER    shift, and go to state 47
    tLESS       shift, and go to state 48
    tAND        shift, and go to state 49
    tOR         shift, and go to state 50


State 88

   18 ifstmt: tIF tLPAREN expr tRPAREN tLBRACE stmts . tRBRACE elsestmt
   19       | tIF tLPAREN expr tRPAREN tLBRACE stmts . tRBRACE

    tRBRACE  shift, and go to state 94


State 89

   22 whileloop: tWHILE tLPAREN expr tRPAREN tLBRACE stmts . tRBRACE

    tRBRACE  shift, and go to state 95


State 90

   14 decl: tVAR tIDENT tCOLON tBOOLTYPE tASSIGN expr tSEMICOLON .

    $default  reduce using rule 14 (decl)


State 91

   15 decl: tVAR tIDENT tCOLON tINTTYPE tASSIGN expr tSEMICOLON .

    $default  reduce using rule 15 (decl)


State 92

   16 decl: tVAR tIDENT tCOLON tFLOATTYPE tASSIGN expr tSEMICOLON .

    $default  reduce using rule 16 (decl)


State 93

   17 decl: tVAR tIDENT tCOLON tSTRINGTYPE tASSIGN expr tSEMICOLON .

    $default  reduce using rule 17 (decl)


State 94

   18 ifstmt: tIF tLPAREN expr tRPAREN tLBRACE stmts tRBRACE . elsestmt
   19       | tIF tLPAREN expr tRPAREN tLBRACE stmts tRBRACE .  [$end, tIDENT, tRBRACE, tVAR, tIF, tWHILE, tREAD, tPRINT]
   20 elsestmt: . tELSE tLBRACE stmts tRBRACE
   21         | . tELSE ifstmt

    tELSE  shift, and go to state 96

    $default  reduce using rule 19 (ifstmt)

    elsestmt  go to state 97


State 95

   22 whileloop: tWHILE tLPAREN expr tRPAREN tLBRACE stmts tRBRACE .

    $default  reduce using rule 22 (whileloop)


State 96

   18 ifstmt: . tIF tLPAREN expr tRPAREN tLBRACE stmts tRBRACE elsestmt
   19       | . tIF tLPAREN expr tRPAREN tLBRACE stmts tRBRACE
   20 elsestmt: tELSE . tLBRACE stmts tRBRACE
   21         | tELSE . ifstmt

    tLBRACE  shift, and go to state 98
    tIF      shift, and go to state 3

    ifstmt  go to state 99


State 97

   18 ifstmt: tIF tLPAREN expr tRPAREN tLBRACE stmts tRBRACE elsestmt .

    $default  reduce using rule 18 (ifstmt)


State 98

    2 stmts: . %empty  [tRBRACE]
    3      | . stmt stmts
    4 stmt: . tREAD tLPAREN tIDENT tRPAREN tSEMICOLON
    5     | . tPRINT tLPAREN expr tRPAREN tSEMICOLON
    6     | . decl
    7     | . tIDENT tASSIGN expr tSEMICOLON
    8     | . ifstmt
    9     | . whileloop
   10 decl: . tVAR tIDENT tCOLON tBOOLTYPE tSEMICOLON
   11     | . tVAR tIDENT tCOLON tINTTYPE tSEMICOLON
   12     | . tVAR tIDENT tCOLON tFLOATTYPE tSEMICOLON
   13     | . tVAR tIDENT tCOLON tSTRINGTYPE tSEMICOLON
   14     | . tVAR tIDENT tCOLON tBOOLTYPE tASSIGN expr tSEMICOLON
   15     | . tVAR tIDENT tCOLON tINTTYPE tASSIGN expr tSEMICOLON
   16     | . tVAR tIDENT tCOLON tFLOATTYPE tASSIGN expr tSEMICOLON
   17     | . tVAR tIDENT tCOLON tSTRINGTYPE tASSIGN expr tSEMICOLON
   18 ifstmt: . tIF tLPAREN expr tRPAREN tLBRACE stmts tRBRACE elsestmt
   19       | . tIF tLPAREN expr tRPAREN tLBRACE stmts tRBRACE
   20 elsestmt: tELSE tLBRACE . stmts tRBRACE
   22 whileloop: . tWHILE tLPAREN expr tRPAREN tLBRACE stmts tRBRACE

    tIDENT  shift, and go to state 1
    tVAR    shift, and go to state 2
    tIF     shift, and go to state 3
    tWHILE  shift, and go to state 4
    tREAD   shift, and go to state 5
    tPRINT  shift, and go to state 6

    $default  reduce using rule 2 (stmts)

    stmts      go to state 100
    stmt       go to state 9
    decl       go to state 10
    ifstmt     go to state 11
    whileloop  go to state 12


State 99

   21 elsestmt: tELSE ifstmt .

    $default  reduce using rule 21 (elsestmt)


State 100

   20 elsestmt: tELSE tLBRACE stmts . tRBRACE

    tRBRACE  shift, and go to state 101


State 101

   20 elsestmt: tELSE tLBRACE stmts tRBRACE .

    $default  reduce using rule 20 (elsestmt)
